0 info it worked if it ends with ok
1 verbose cli [ '/usr/bin/nodejs', '/usr/bin/npm', 'install', 'pg' ]
2 info using npm@3.5.2
3 info using node@v4.2.6
4 silly loadCurrentTree Starting
5 silly install loadCurrentTree
6 silly install readLocalPackageData
7 silly fetchPackageMetaData pg
8 silly fetchNamedPackageData pg
9 silly mapToRegistry name pg
10 silly mapToRegistry using default registry
11 silly mapToRegistry registry https://registry.npmjs.org/
12 silly mapToRegistry uri https://registry.npmjs.org/pg
13 verbose request uri https://registry.npmjs.org/pg
14 verbose request no auth needed
15 info attempt registry request try #1 at 11:10:05
16 verbose request id 24c9f1329744741d
17 verbose etag "B8SSI7BAFXXP1JBC8CXQC7BCZ"
18 http request GET https://registry.npmjs.org/pg
19 http 304 https://registry.npmjs.org/pg
20 verbose headers { date: 'Tue, 18 Oct 2016 09:10:05 GMT',
20 verbose headers   via: '1.1 varnish',
20 verbose headers   'cache-control': 'max-age=300',
20 verbose headers   etag: '"B8SSI7BAFXXP1JBC8CXQC7BCZ"',
20 verbose headers   age: '265',
20 verbose headers   connection: 'keep-alive',
20 verbose headers   'x-served-by': 'cache-lcy1132-LCY',
20 verbose headers   'x-cache': 'HIT',
20 verbose headers   'x-cache-hits': '2',
20 verbose headers   'x-timer': 'S1476781805.723095,VS0,VE0',
20 verbose headers   vary: 'Accept-Encoding' }
21 silly get cb [ 304,
21 silly get   { date: 'Tue, 18 Oct 2016 09:10:05 GMT',
21 silly get     via: '1.1 varnish',
21 silly get     'cache-control': 'max-age=300',
21 silly get     etag: '"B8SSI7BAFXXP1JBC8CXQC7BCZ"',
21 silly get     age: '265',
21 silly get     connection: 'keep-alive',
21 silly get     'x-served-by': 'cache-lcy1132-LCY',
21 silly get     'x-cache': 'HIT',
21 silly get     'x-cache-hits': '2',
21 silly get     'x-timer': 'S1476781805.723095,VS0,VE0',
21 silly get     vary: 'Accept-Encoding' } ]
22 verbose etag https://registry.npmjs.org/pg from cache
23 verbose get saving pg to /home/kevin/.npm/registry.npmjs.org/pg/.cache.json
24 silly install normalizeTree
25 silly loadCurrentTree Finishing
26 silly loadIdealTree Starting
27 silly install loadIdealTree
28 silly cloneCurrentTree Starting
29 silly install cloneCurrentTreeToIdealTree
30 silly cloneCurrentTree Finishing
31 silly loadShrinkwrap Starting
32 silly install loadShrinkwrap
33 silly loadShrinkwrap Finishing
34 silly loadAllDepsIntoIdealTree Starting
35 silly install loadAllDepsIntoIdealTree
36 silly resolveWithNewModule pg@6.1.0 checking installable status
37 silly cache add args [ 'pg', null ]
38 verbose cache add spec pg
39 silly cache add parsed spec Result {
39 silly cache add   raw: 'pg',
39 silly cache add   scope: null,
39 silly cache add   name: 'pg',
39 silly cache add   rawSpec: '',
39 silly cache add   spec: 'latest',
39 silly cache add   type: 'tag' }
40 silly addNamed pg@latest
41 verbose addNamed "latest" is being treated as a dist-tag for pg
42 info addNameTag [ 'pg', 'latest' ]
43 silly mapToRegistry name pg
44 silly mapToRegistry using default registry
45 silly mapToRegistry registry https://registry.npmjs.org/
46 silly mapToRegistry uri https://registry.npmjs.org/pg
47 verbose addNameTag registry:https://registry.npmjs.org/pg not in flight; fetching
48 verbose get https://registry.npmjs.org/pg not expired, no request
49 silly addNameTag next cb for pg with tag latest
50 silly addNamed pg@6.1.0
51 verbose addNamed "6.1.0" is a plain semver version for pg
52 silly cache afterAdd pg@6.1.0
53 verbose afterAdd /home/kevin/.npm/pg/6.1.0/package/package.json not in flight; writing
54 verbose afterAdd /home/kevin/.npm/pg/6.1.0/package/package.json written
55 silly fetchNamedPackageData semver
56 silly mapToRegistry name semver
57 silly mapToRegistry using default registry
58 silly mapToRegistry registry https://registry.npmjs.org/
59 silly mapToRegistry uri https://registry.npmjs.org/semver
60 verbose request uri https://registry.npmjs.org/semver
61 verbose request no auth needed
62 info attempt registry request try #1 at 11:10:05
63 verbose etag "4FOCBW9AO6QXP00NXYDE4LR4Z"
64 http request GET https://registry.npmjs.org/semver
65 http 304 https://registry.npmjs.org/semver
66 verbose headers { date: 'Tue, 18 Oct 2016 09:10:06 GMT',
66 verbose headers   via: '1.1 varnish',
66 verbose headers   'cache-control': 'max-age=300',
66 verbose headers   etag: '"4FOCBW9AO6QXP00NXYDE4LR4Z"',
66 verbose headers   age: '228',
66 verbose headers   connection: 'keep-alive',
66 verbose headers   'x-served-by': 'cache-lcy1125-LCY',
66 verbose headers   'x-cache': 'HIT',
66 verbose headers   'x-cache-hits': '53',
66 verbose headers   'x-timer': 'S1476781806.031159,VS0,VE0',
66 verbose headers   vary: 'Accept-Encoding' }
67 silly get cb [ 304,
67 silly get   { date: 'Tue, 18 Oct 2016 09:10:06 GMT',
67 silly get     via: '1.1 varnish',
67 silly get     'cache-control': 'max-age=300',
67 silly get     etag: '"4FOCBW9AO6QXP00NXYDE4LR4Z"',
67 silly get     age: '228',
67 silly get     connection: 'keep-alive',
67 silly get     'x-served-by': 'cache-lcy1125-LCY',
67 silly get     'x-cache': 'HIT',
67 silly get     'x-cache-hits': '53',
67 silly get     'x-timer': 'S1476781806.031159,VS0,VE0',
67 silly get     vary: 'Accept-Encoding' } ]
68 verbose etag https://registry.npmjs.org/semver from cache
69 verbose get saving semver to /home/kevin/.npm/registry.npmjs.org/semver/.cache.json
70 silly resolveWithNewModule semver@4.3.2 checking installable status
71 silly cache add args [ 'semver@4.3.2', null ]
72 verbose cache add spec semver@4.3.2
73 silly cache add parsed spec Result {
73 silly cache add   raw: 'semver@4.3.2',
73 silly cache add   scope: null,
73 silly cache add   name: 'semver',
73 silly cache add   rawSpec: '4.3.2',
73 silly cache add   spec: '4.3.2',
73 silly cache add   type: 'version' }
74 silly addNamed semver@4.3.2
75 verbose addNamed "4.3.2" is a plain semver version for semver
76 silly mapToRegistry name semver
77 silly mapToRegistry using default registry
78 silly mapToRegistry registry https://registry.npmjs.org/
79 silly mapToRegistry uri https://registry.npmjs.org/semver
80 verbose addNameVersion registry:https://registry.npmjs.org/semver not in flight; fetching
81 verbose get https://registry.npmjs.org/semver not expired, no request
82 silly cache afterAdd semver@4.3.2
83 verbose afterAdd /home/kevin/.npm/semver/4.3.2/package/package.json not in flight; writing
84 verbose afterAdd /home/kevin/.npm/semver/4.3.2/package/package.json written
85 silly loadAllDepsIntoIdealTree Finishing
86 silly idealTree:prePrune proyecto@0.0.1
86 silly idealTree:prePrune ├── addressparser@0.3.2
86 silly idealTree:prePrune ├── angular-bootstrap-datetimepicker@1.1.2
86 silly idealTree:prePrune ├── angular-socialshare@0.1.19
86 silly idealTree:prePrune ├── angular@1.5.8
86 silly idealTree:prePrune ├── ap@0.2.0
86 silly idealTree:prePrune ├─┬ async@2.0.1
86 silly idealTree:prePrune │ └── lodash@4.16.4
86 silly idealTree:prePrune ├── bluebird@2.10.2
86 silly idealTree:prePrune ├── boolbase@1.0.0
86 silly idealTree:prePrune ├── bson@0.4.23
86 silly idealTree:prePrune ├── buffer-shims@1.0.0
86 silly idealTree:prePrune ├── buffer-writer@1.0.1
86 silly idealTree:prePrune ├─┬ buildmail@2.0.0
86 silly idealTree:prePrune │ └── needle@0.10.0
86 silly idealTree:prePrune ├── cheerio@0.19.0
86 silly idealTree:prePrune ├── clone@1.0.2
86 silly idealTree:prePrune ├── cluster@0.7.7
86 silly idealTree:prePrune ├── core-util-is@1.0.2
86 silly idealTree:prePrune ├── css-select@1.0.0
86 silly idealTree:prePrune ├── css-what@1.0.0
86 silly idealTree:prePrune ├── debug@2.2.0
86 silly idealTree:prePrune ├─┬ dom-serializer@0.1.0
86 silly idealTree:prePrune │ └── domelementtype@1.1.3
86 silly idealTree:prePrune ├── domelementtype@1.3.0
86 silly idealTree:prePrune ├── domhandler@2.3.0
86 silly idealTree:prePrune ├── domutils@1.4.3
86 silly idealTree:prePrune ├── ejs@2.3.4
86 silly idealTree:prePrune ├── entities@1.1.1
86 silly idealTree:prePrune ├── es6-promise@2.1.1
86 silly idealTree:prePrune ├── formidable@1.0.17
86 silly idealTree:prePrune ├── generic-pool@2.4.2
86 silly idealTree:prePrune ├── hooks-fixed@1.2.0
86 silly idealTree:prePrune ├─┬ htmlparser2@3.8.3
86 silly idealTree:prePrune │ ├── domutils@1.5.1
86 silly idealTree:prePrune │ ├── entities@1.0.0
86 silly idealTree:prePrune │ └── readable-stream@1.1.13
86 silly idealTree:prePrune ├── iconv-lite@0.4.13
86 silly idealTree:prePrune ├── inherits@2.0.1
86 silly idealTree:prePrune ├── isarray@0.0.1
86 silly idealTree:prePrune ├── isemail@1.2.0
86 silly idealTree:prePrune ├── kareem@1.1.3
86 silly idealTree:prePrune ├── kerberos@0.0.21
86 silly idealTree:prePrune ├── libbase64@0.1.0
86 silly idealTree:prePrune ├── libmime@1.2.0
86 silly idealTree:prePrune ├── libqp@1.1.0
86 silly idealTree:prePrune ├── lodash@3.10.1
86 silly idealTree:prePrune ├── log@1.4.0
86 silly idealTree:prePrune ├── mailcomposer@2.1.0
86 silly idealTree:prePrune ├── minimist@0.0.8
86 silly idealTree:prePrune ├── mkdirp@0.5.1
86 silly idealTree:prePrune ├── moment@2.15.1
86 silly idealTree:prePrune ├── mongodb-core@1.2.24
86 silly idealTree:prePrune ├── mongodb@2.0.49
86 silly idealTree:prePrune ├── mpath@0.2.1
86 silly idealTree:prePrune ├── mpromise@0.5.5
86 silly idealTree:prePrune ├─┬ mquery@1.11.0
86 silly idealTree:prePrune │ └── sliced@0.0.5
86 silly idealTree:prePrune ├── ms@0.7.1
86 silly idealTree:prePrune ├── muri@1.1.1
86 silly idealTree:prePrune ├── nan@2.3.5
86 silly idealTree:prePrune ├── needle@0.11.0
86 silly idealTree:prePrune ├── ng-file-upload@11.1.1
86 silly idealTree:prePrune ├── nodemailer-direct-transport@1.1.0
86 silly idealTree:prePrune ├── nodemailer-smtp-transport@1.0.4
86 silly idealTree:prePrune ├── nodemailer-wellknown@0.1.7
86 silly idealTree:prePrune ├── nodemailer@1.10.0
86 silly idealTree:prePrune ├── nth-check@1.0.1
86 silly idealTree:prePrune ├── object-assign@4.1.0
86 silly idealTree:prePrune ├── packet-reader@0.2.0
86 silly idealTree:prePrune ├── pg-connection-string@0.1.3
86 silly idealTree:prePrune ├── pg-pool@1.5.0
86 silly idealTree:prePrune ├── pg-types@1.11.0
86 silly idealTree:prePrune ├─┬ pg@6.1.0
86 silly idealTree:prePrune │ └── semver@4.3.2
86 silly idealTree:prePrune ├── pgpass@1.0.1
86 silly idealTree:prePrune ├── postgres-array@1.0.0
86 silly idealTree:prePrune ├── postgres-bytea@1.0.0
86 silly idealTree:prePrune ├── postgres-date@1.0.3
86 silly idealTree:prePrune ├── postgres-interval@1.0.2
86 silly idealTree:prePrune ├── process-nextick-args@1.0.7
86 silly idealTree:prePrune ├── readable-stream@1.0.31
86 silly idealTree:prePrune ├── regexp-clone@0.0.1
86 silly idealTree:prePrune ├── require_optional@1.0.0
86 silly idealTree:prePrune ├── resolve-from@2.0.0
86 silly idealTree:prePrune ├── semver@5.3.0
86 silly idealTree:prePrune ├── sliced@1.0.1
86 silly idealTree:prePrune ├── smtp-connection@1.3.6
86 silly idealTree:prePrune ├── split@1.0.0
86 silly idealTree:prePrune ├── stomp-client@0.8.1
86 silly idealTree:prePrune ├── string_decoder@0.10.31
86 silly idealTree:prePrune ├── through@2.3.8
86 silly idealTree:prePrune ├── util-deprecate@1.0.2
86 silly idealTree:prePrune └── xtend@4.0.1
87 silly loadIdealTree Finishing
88 silly currentTree proyecto@0.0.1
88 silly currentTree ├── addressparser@0.3.2
88 silly currentTree ├── angular-bootstrap-datetimepicker@1.1.2
88 silly currentTree ├── angular-socialshare@0.1.19
88 silly currentTree ├── angular@1.5.8
88 silly currentTree ├── ap@0.2.0
88 silly currentTree ├─┬ async@2.0.1
88 silly currentTree │ └── lodash@4.16.4
88 silly currentTree ├── bluebird@2.10.2
88 silly currentTree ├── boolbase@1.0.0
88 silly currentTree ├── bson@0.4.23
88 silly currentTree ├── buffer-shims@1.0.0
88 silly currentTree ├── buffer-writer@1.0.1
88 silly currentTree ├─┬ buildmail@2.0.0
88 silly currentTree │ └── needle@0.10.0
88 silly currentTree ├── cheerio@0.19.0
88 silly currentTree ├── clone@1.0.2
88 silly currentTree ├── cluster@0.7.7
88 silly currentTree ├── core-util-is@1.0.2
88 silly currentTree ├── css-select@1.0.0
88 silly currentTree ├── css-what@1.0.0
88 silly currentTree ├── debug@2.2.0
88 silly currentTree ├─┬ dom-serializer@0.1.0
88 silly currentTree │ └── domelementtype@1.1.3
88 silly currentTree ├── domelementtype@1.3.0
88 silly currentTree ├── domhandler@2.3.0
88 silly currentTree ├── domutils@1.4.3
88 silly currentTree ├── ejs@2.3.4
88 silly currentTree ├── entities@1.1.1
88 silly currentTree ├── es6-promise@2.1.1
88 silly currentTree ├── formidable@1.0.17
88 silly currentTree ├── generic-pool@2.4.2
88 silly currentTree ├── hooks-fixed@1.2.0
88 silly currentTree ├─┬ htmlparser2@3.8.3
88 silly currentTree │ ├── domutils@1.5.1
88 silly currentTree │ ├── entities@1.0.0
88 silly currentTree │ └── readable-stream@1.1.13
88 silly currentTree ├── iconv-lite@0.4.13
88 silly currentTree ├── inherits@2.0.1
88 silly currentTree ├── isarray@0.0.1
88 silly currentTree ├── isemail@1.2.0
88 silly currentTree ├── kareem@1.1.3
88 silly currentTree ├── kerberos@0.0.21
88 silly currentTree ├── libbase64@0.1.0
88 silly currentTree ├── libmime@1.2.0
88 silly currentTree ├── libqp@1.1.0
88 silly currentTree ├── lodash@3.10.1
88 silly currentTree ├── log@1.4.0
88 silly currentTree ├── mailcomposer@2.1.0
88 silly currentTree ├── minimist@0.0.8
88 silly currentTree ├── mkdirp@0.5.1
88 silly currentTree ├── moment@2.15.1
88 silly currentTree ├── mongodb-core@1.2.24
88 silly currentTree ├── mongodb@2.0.49
88 silly currentTree ├── mpath@0.2.1
88 silly currentTree ├── mpromise@0.5.5
88 silly currentTree ├─┬ mquery@1.11.0
88 silly currentTree │ └── sliced@0.0.5
88 silly currentTree ├── ms@0.7.1
88 silly currentTree ├── muri@1.1.1
88 silly currentTree ├── nan@2.3.5
88 silly currentTree ├── needle@0.11.0
88 silly currentTree ├── ng-file-upload@11.1.1
88 silly currentTree ├── nodemailer-direct-transport@1.1.0
88 silly currentTree ├── nodemailer-smtp-transport@1.0.4
88 silly currentTree ├── nodemailer-wellknown@0.1.7
88 silly currentTree ├── nodemailer@1.10.0
88 silly currentTree ├── nth-check@1.0.1
88 silly currentTree ├── object-assign@4.1.0
88 silly currentTree ├── packet-reader@0.2.0
88 silly currentTree ├── pg-connection-string@0.1.3
88 silly currentTree ├── pg-pool@1.5.0
88 silly currentTree ├── pg-types@1.11.0
88 silly currentTree ├── pgpass@1.0.1
88 silly currentTree ├── postgres-array@1.0.0
88 silly currentTree ├── postgres-bytea@1.0.0
88 silly currentTree ├── postgres-date@1.0.3
88 silly currentTree ├── postgres-interval@1.0.2
88 silly currentTree ├── process-nextick-args@1.0.7
88 silly currentTree ├── readable-stream@1.0.31
88 silly currentTree ├── regexp-clone@0.0.1
88 silly currentTree ├── require_optional@1.0.0
88 silly currentTree ├── resolve-from@2.0.0
88 silly currentTree ├── semver@5.3.0
88 silly currentTree ├── sliced@1.0.1
88 silly currentTree ├── smtp-connection@1.3.6
88 silly currentTree ├── split@1.0.0
88 silly currentTree ├── stomp-client@0.8.1
88 silly currentTree ├── string_decoder@0.10.31
88 silly currentTree ├── through@2.3.8
88 silly currentTree ├── util-deprecate@1.0.2
88 silly currentTree └── xtend@4.0.1
89 silly idealTree proyecto@0.0.1
89 silly idealTree ├── addressparser@0.3.2
89 silly idealTree ├── angular-bootstrap-datetimepicker@1.1.2
89 silly idealTree ├── angular-socialshare@0.1.19
89 silly idealTree ├── angular@1.5.8
89 silly idealTree ├── ap@0.2.0
89 silly idealTree ├─┬ async@2.0.1
89 silly idealTree │ └── lodash@4.16.4
89 silly idealTree ├── bluebird@2.10.2
89 silly idealTree ├── boolbase@1.0.0
89 silly idealTree ├── bson@0.4.23
89 silly idealTree ├── buffer-shims@1.0.0
89 silly idealTree ├── buffer-writer@1.0.1
89 silly idealTree ├─┬ buildmail@2.0.0
89 silly idealTree │ └── needle@0.10.0
89 silly idealTree ├── cheerio@0.19.0
89 silly idealTree ├── clone@1.0.2
89 silly idealTree ├── cluster@0.7.7
89 silly idealTree ├── core-util-is@1.0.2
89 silly idealTree ├── css-select@1.0.0
89 silly idealTree ├── css-what@1.0.0
89 silly idealTree ├── debug@2.2.0
89 silly idealTree ├─┬ dom-serializer@0.1.0
89 silly idealTree │ └── domelementtype@1.1.3
89 silly idealTree ├── domelementtype@1.3.0
89 silly idealTree ├── domhandler@2.3.0
89 silly idealTree ├── domutils@1.4.3
89 silly idealTree ├── ejs@2.3.4
89 silly idealTree ├── entities@1.1.1
89 silly idealTree ├── es6-promise@2.1.1
89 silly idealTree ├── formidable@1.0.17
89 silly idealTree ├── generic-pool@2.4.2
89 silly idealTree ├── hooks-fixed@1.2.0
89 silly idealTree ├─┬ htmlparser2@3.8.3
89 silly idealTree │ ├── domutils@1.5.1
89 silly idealTree │ ├── entities@1.0.0
89 silly idealTree │ └── readable-stream@1.1.13
89 silly idealTree ├── iconv-lite@0.4.13
89 silly idealTree ├── inherits@2.0.1
89 silly idealTree ├── isarray@0.0.1
89 silly idealTree ├── isemail@1.2.0
89 silly idealTree ├── kareem@1.1.3
89 silly idealTree ├── kerberos@0.0.21
89 silly idealTree ├── libbase64@0.1.0
89 silly idealTree ├── libmime@1.2.0
89 silly idealTree ├── libqp@1.1.0
89 silly idealTree ├── lodash@3.10.1
89 silly idealTree ├── log@1.4.0
89 silly idealTree ├── mailcomposer@2.1.0
89 silly idealTree ├── minimist@0.0.8
89 silly idealTree ├── mkdirp@0.5.1
89 silly idealTree ├── moment@2.15.1
89 silly idealTree ├── mongodb-core@1.2.24
89 silly idealTree ├── mongodb@2.0.49
89 silly idealTree ├── mpath@0.2.1
89 silly idealTree ├── mpromise@0.5.5
89 silly idealTree ├─┬ mquery@1.11.0
89 silly idealTree │ └── sliced@0.0.5
89 silly idealTree ├── ms@0.7.1
89 silly idealTree ├── muri@1.1.1
89 silly idealTree ├── nan@2.3.5
89 silly idealTree ├── needle@0.11.0
89 silly idealTree ├── ng-file-upload@11.1.1
89 silly idealTree ├── nodemailer-direct-transport@1.1.0
89 silly idealTree ├── nodemailer-smtp-transport@1.0.4
89 silly idealTree ├── nodemailer-wellknown@0.1.7
89 silly idealTree ├── nodemailer@1.10.0
89 silly idealTree ├── nth-check@1.0.1
89 silly idealTree ├── object-assign@4.1.0
89 silly idealTree ├── packet-reader@0.2.0
89 silly idealTree ├── pg-connection-string@0.1.3
89 silly idealTree ├── pg-pool@1.5.0
89 silly idealTree ├── pg-types@1.11.0
89 silly idealTree ├─┬ pg@6.1.0
89 silly idealTree │ └── semver@4.3.2
89 silly idealTree ├── pgpass@1.0.1
89 silly idealTree ├── postgres-array@1.0.0
89 silly idealTree ├── postgres-bytea@1.0.0
89 silly idealTree ├── postgres-date@1.0.3
89 silly idealTree ├── postgres-interval@1.0.2
89 silly idealTree ├── process-nextick-args@1.0.7
89 silly idealTree ├── readable-stream@1.0.31
89 silly idealTree ├── regexp-clone@0.0.1
89 silly idealTree ├── require_optional@1.0.0
89 silly idealTree ├── resolve-from@2.0.0
89 silly idealTree ├── semver@5.3.0
89 silly idealTree ├── sliced@1.0.1
89 silly idealTree ├── smtp-connection@1.3.6
89 silly idealTree ├── split@1.0.0
89 silly idealTree ├── stomp-client@0.8.1
89 silly idealTree ├── string_decoder@0.10.31
89 silly idealTree ├── through@2.3.8
89 silly idealTree ├── util-deprecate@1.0.2
89 silly idealTree └── xtend@4.0.1
90 silly generateActionsToTake Starting
91 silly install generateActionsToTake
92 silly generateActionsToTake Finishing
93 silly diffTrees action count 9
94 silly diffTrees add semver@4.3.2
95 silly diffTrees update cheerio@0.19.0
96 silly diffTrees update cluster@0.7.7
97 silly diffTrees update formidable@1.0.17
98 silly diffTrees update kerberos@0.0.21
99 silly diffTrees update ng-file-upload@11.1.1
100 silly diffTrees update nodemailer@1.10.0
101 silly diffTrees add pg@6.1.0
102 silly diffTrees update stomp-client@0.8.1
103 silly decomposeActions action count 72
104 silly decomposeActions fetch semver@4.3.2
105 silly decomposeActions extract semver@4.3.2
106 silly decomposeActions test semver@4.3.2
107 silly decomposeActions preinstall semver@4.3.2
108 silly decomposeActions build semver@4.3.2
109 silly decomposeActions install semver@4.3.2
110 silly decomposeActions postinstall semver@4.3.2
111 silly decomposeActions finalize semver@4.3.2
112 silly decomposeActions fetch cheerio@0.19.0
113 silly decomposeActions extract cheerio@0.19.0
114 silly decomposeActions test cheerio@0.19.0
115 silly decomposeActions preinstall cheerio@0.19.0
116 silly decomposeActions build cheerio@0.19.0
117 silly decomposeActions install cheerio@0.19.0
118 silly decomposeActions postinstall cheerio@0.19.0
119 silly decomposeActions finalize cheerio@0.19.0
120 silly decomposeActions fetch cluster@0.7.7
121 silly decomposeActions extract cluster@0.7.7
122 silly decomposeActions test cluster@0.7.7
123 silly decomposeActions preinstall cluster@0.7.7
124 silly decomposeActions build cluster@0.7.7
125 silly decomposeActions install cluster@0.7.7
126 silly decomposeActions postinstall cluster@0.7.7
127 silly decomposeActions finalize cluster@0.7.7
128 silly decomposeActions fetch formidable@1.0.17
129 silly decomposeActions extract formidable@1.0.17
130 silly decomposeActions test formidable@1.0.17
131 silly decomposeActions preinstall formidable@1.0.17
132 silly decomposeActions build formidable@1.0.17
133 silly decomposeActions install formidable@1.0.17
134 silly decomposeActions postinstall formidable@1.0.17
135 silly decomposeActions finalize formidable@1.0.17
136 silly decomposeActions fetch kerberos@0.0.21
137 silly decomposeActions extract kerberos@0.0.21
138 silly decomposeActions test kerberos@0.0.21
139 silly decomposeActions preinstall kerberos@0.0.21
140 silly decomposeActions build kerberos@0.0.21
141 silly decomposeActions install kerberos@0.0.21
142 silly decomposeActions postinstall kerberos@0.0.21
143 silly decomposeActions finalize kerberos@0.0.21
144 silly decomposeActions fetch ng-file-upload@11.1.1
145 silly decomposeActions extract ng-file-upload@11.1.1
146 silly decomposeActions test ng-file-upload@11.1.1
147 silly decomposeActions preinstall ng-file-upload@11.1.1
148 silly decomposeActions build ng-file-upload@11.1.1
149 silly decomposeActions install ng-file-upload@11.1.1
150 silly decomposeActions postinstall ng-file-upload@11.1.1
151 silly decomposeActions finalize ng-file-upload@11.1.1
152 silly decomposeActions fetch nodemailer@1.10.0
153 silly decomposeActions extract nodemailer@1.10.0
154 silly decomposeActions test nodemailer@1.10.0
155 silly decomposeActions preinstall nodemailer@1.10.0
156 silly decomposeActions build nodemailer@1.10.0
157 silly decomposeActions install nodemailer@1.10.0
158 silly decomposeActions postinstall nodemailer@1.10.0
159 silly decomposeActions finalize nodemailer@1.10.0
160 silly decomposeActions fetch pg@6.1.0
161 silly decomposeActions extract pg@6.1.0
162 silly decomposeActions test pg@6.1.0
163 silly decomposeActions preinstall pg@6.1.0
164 silly decomposeActions build pg@6.1.0
165 silly decomposeActions install pg@6.1.0
166 silly decomposeActions postinstall pg@6.1.0
167 silly decomposeActions finalize pg@6.1.0
168 silly decomposeActions fetch stomp-client@0.8.1
169 silly decomposeActions extract stomp-client@0.8.1
170 silly decomposeActions test stomp-client@0.8.1
171 silly decomposeActions preinstall stomp-client@0.8.1
172 silly decomposeActions build stomp-client@0.8.1
173 silly decomposeActions install stomp-client@0.8.1
174 silly decomposeActions postinstall stomp-client@0.8.1
175 silly decomposeActions finalize stomp-client@0.8.1
176 silly executeActions Starting
177 silly install executeActions
178 silly doSerial global-install 0
179 silly doParallel fetch 9
180 verbose lock using /home/kevin/.npm/_locks/staging-19c54a2d19976e36.lock for /home/kevin/Documentos/AngularLeafletGIVARAIL/node_modules/.staging
181 silly doParallel extract 9
182 silly extract semver@4.3.2
183 silly extract cheerio@0.19.0
184 silly extract cluster@0.7.7
185 silly extract formidable@1.0.17
186 silly extract kerberos@0.0.21
187 silly extract ng-file-upload@11.1.1
188 silly extract nodemailer@1.10.0
189 silly extract pg@6.1.0
190 silly extract stomp-client@0.8.1
191 silly addNamed cheerio@0.19.0
192 verbose addNamed "0.19.0" is a plain semver version for cheerio
193 silly mapToRegistry name cheerio
194 silly mapToRegistry using default registry
195 silly mapToRegistry registry https://registry.npmjs.org/
196 silly mapToRegistry uri https://registry.npmjs.org/cheerio
197 verbose addNameVersion registry:https://registry.npmjs.org/cheerio not in flight; fetching
198 silly addNamed formidable@1.0.17
199 verbose addNamed "1.0.17" is a plain semver version for formidable
200 silly mapToRegistry name formidable
201 silly mapToRegistry using default registry
202 silly mapToRegistry registry https://registry.npmjs.org/
203 silly mapToRegistry uri https://registry.npmjs.org/formidable
204 verbose addNameVersion registry:https://registry.npmjs.org/formidable not in flight; fetching
205 silly addNamed ng-file-upload@11.1.1
206 verbose addNamed "11.1.1" is a plain semver version for ng-file-upload
207 silly mapToRegistry name ng-file-upload
208 silly mapToRegistry using default registry
209 silly mapToRegistry registry https://registry.npmjs.org/
210 silly mapToRegistry uri https://registry.npmjs.org/ng-file-upload
211 verbose addNameVersion registry:https://registry.npmjs.org/ng-file-upload not in flight; fetching
212 silly addNamed nodemailer@1.10.0
213 verbose addNamed "1.10.0" is a plain semver version for nodemailer
214 silly mapToRegistry name nodemailer
215 silly mapToRegistry using default registry
216 silly mapToRegistry registry https://registry.npmjs.org/
217 silly mapToRegistry uri https://registry.npmjs.org/nodemailer
218 verbose addNameVersion registry:https://registry.npmjs.org/nodemailer not in flight; fetching
219 verbose unbuild node_modules/.staging/cluster-e4e315d7
220 verbose unbuild node_modules/.staging/kerberos-cdb0ef74
221 verbose unbuild node_modules/.staging/pg-08724e62
222 verbose unbuild node_modules/.staging/stomp-client-cc2802b6
223 verbose unbuild node_modules/.staging/semver-388e4272
224 verbose request uri https://registry.npmjs.org/cheerio
225 verbose request no auth needed
226 info attempt registry request try #1 at 11:10:06
227 verbose etag "AK93ISAA2BSK08OTBSELYGO65"
228 http request GET https://registry.npmjs.org/cheerio
229 silly gentlyRm /home/kevin/Documentos/AngularLeafletGIVARAIL/node_modules/.staging/cluster-e4e315d7 is being purged from base /home/kevin/Documentos/AngularLeafletGIVARAIL
230 verbose gentlyRm don't care about contents; nuking /home/kevin/Documentos/AngularLeafletGIVARAIL/node_modules/.staging/cluster-e4e315d7
231 verbose request uri https://registry.npmjs.org/formidable
232 verbose request no auth needed
233 info attempt registry request try #1 at 11:10:06
234 verbose etag "9RQXY3USFO41UNVXUWL90IZ0L"
235 http request GET https://registry.npmjs.org/formidable
236 silly gentlyRm /home/kevin/Documentos/AngularLeafletGIVARAIL/node_modules/.staging/kerberos-cdb0ef74 is being purged from base /home/kevin/Documentos/AngularLeafletGIVARAIL
237 verbose gentlyRm don't care about contents; nuking /home/kevin/Documentos/AngularLeafletGIVARAIL/node_modules/.staging/kerberos-cdb0ef74
238 verbose request uri https://registry.npmjs.org/ng-file-upload
239 verbose request no auth needed
240 info attempt registry request try #1 at 11:10:06
241 verbose etag "6DCPUXLS8FEZRBAZA6B2J0RBY"
242 http request GET https://registry.npmjs.org/ng-file-upload
243 verbose request uri https://registry.npmjs.org/nodemailer
244 verbose request no auth needed
245 info attempt registry request try #1 at 11:10:06
246 verbose etag "5L0OZX5GHH902EPXNRVXCG1R1"
247 http request GET https://registry.npmjs.org/nodemailer
248 silly gentlyRm /home/kevin/Documentos/AngularLeafletGIVARAIL/node_modules/.staging/pg-08724e62 is being purged from base /home/kevin/Documentos/AngularLeafletGIVARAIL
249 verbose gentlyRm don't care about contents; nuking /home/kevin/Documentos/AngularLeafletGIVARAIL/node_modules/.staging/pg-08724e62
250 silly gentlyRm /home/kevin/Documentos/AngularLeafletGIVARAIL/node_modules/.staging/stomp-client-cc2802b6 is being purged from base /home/kevin/Documentos/AngularLeafletGIVARAIL
251 verbose gentlyRm don't care about contents; nuking /home/kevin/Documentos/AngularLeafletGIVARAIL/node_modules/.staging/stomp-client-cc2802b6
252 silly gentlyRm /home/kevin/Documentos/AngularLeafletGIVARAIL/node_modules/.staging/semver-388e4272 is being purged from base /home/kevin/Documentos/AngularLeafletGIVARAIL
253 verbose gentlyRm don't care about contents; nuking /home/kevin/Documentos/AngularLeafletGIVARAIL/node_modules/.staging/semver-388e4272
254 verbose tar unpack /home/kevin/.npm/cluster/0.7.7/package.tgz
255 verbose tar unpacking to /home/kevin/Documentos/AngularLeafletGIVARAIL/node_modules/.staging/cluster-e4e315d7
256 silly gentlyRm /home/kevin/Documentos/AngularLeafletGIVARAIL/node_modules/.staging/cluster-e4e315d7 is being purged
257 verbose gentlyRm don't care about contents; nuking /home/kevin/Documentos/AngularLeafletGIVARAIL/node_modules/.staging/cluster-e4e315d7
258 verbose tar unpack /home/kevin/.npm/kerberos/0.0.21/package.tgz
259 verbose tar unpacking to /home/kevin/Documentos/AngularLeafletGIVARAIL/node_modules/.staging/kerberos-cdb0ef74
260 silly gentlyRm /home/kevin/Documentos/AngularLeafletGIVARAIL/node_modules/.staging/kerberos-cdb0ef74 is being purged
261 verbose gentlyRm don't care about contents; nuking /home/kevin/Documentos/AngularLeafletGIVARAIL/node_modules/.staging/kerberos-cdb0ef74
262 verbose tar unpack /home/kevin/.npm/pg/6.1.0/package.tgz
263 verbose tar unpacking to /home/kevin/Documentos/AngularLeafletGIVARAIL/node_modules/.staging/pg-08724e62
264 silly gentlyRm /home/kevin/Documentos/AngularLeafletGIVARAIL/node_modules/.staging/pg-08724e62 is being purged
265 verbose gentlyRm don't care about contents; nuking /home/kevin/Documentos/AngularLeafletGIVARAIL/node_modules/.staging/pg-08724e62
266 verbose tar unpack /home/kevin/.npm/stomp-client/0.8.1/package.tgz
267 verbose tar unpacking to /home/kevin/Documentos/AngularLeafletGIVARAIL/node_modules/.staging/stomp-client-cc2802b6
268 silly gentlyRm /home/kevin/Documentos/AngularLeafletGIVARAIL/node_modules/.staging/stomp-client-cc2802b6 is being purged
269 verbose gentlyRm don't care about contents; nuking /home/kevin/Documentos/AngularLeafletGIVARAIL/node_modules/.staging/stomp-client-cc2802b6
270 verbose tar unpack /home/kevin/.npm/semver/4.3.2/package.tgz
271 verbose tar unpacking to /home/kevin/Documentos/AngularLeafletGIVARAIL/node_modules/.staging/semver-388e4272
272 silly gentlyRm /home/kevin/Documentos/AngularLeafletGIVARAIL/node_modules/.staging/semver-388e4272 is being purged
273 verbose gentlyRm don't care about contents; nuking /home/kevin/Documentos/AngularLeafletGIVARAIL/node_modules/.staging/semver-388e4272
274 silly gunzTarPerm modes [ '755', '644' ]
275 silly gunzTarPerm modes [ '755', '644' ]
276 silly gunzTarPerm modes [ '755', '644' ]
277 silly gunzTarPerm modes [ '755', '644' ]
278 silly gunzTarPerm modes [ '755', '644' ]
279 silly gunzTarPerm extractEntry .gitignore
280 silly gunzTarPerm extractEntry package.json
281 silly gunzTarPerm extractEntry package.json
282 silly gunzTarPerm extractEntry package.json
283 silly gunzTarPerm extractEntry package.json
284 silly gunzTarPerm extractEntry .gitmodules
285 silly gunzTarPerm extractEntry .npmignore
286 silly gunzTarPerm extractEntry LICENSE
287 silly gunzTarPerm extractEntry index.js
288 silly gunzTarPerm extractEntry .npmignore
289 silly gunzTarPerm extractEntry README.md
290 silly gunzTarPerm extractEntry .npmignore
291 silly gunzTarPerm extractEntry README.md
292 silly gunzTarPerm extractEntry .npmignore
293 silly gunzTarPerm extractEntry README.md
294 silly gunzTarPerm extractEntry History.md
295 silly gunzTarPerm extractEntry index.js
296 silly gunzTarPerm extractEntry LICENSE
297 silly gunzTarPerm extractEntry semver.browser.js
298 silly gunzTarPerm extractEntry semver.js
299 silly gunzTarPerm extractEntry semver.min.js
300 silly gunzTarPerm extractEntry Makefile
301 silly gunzTarPerm extractEntry test/amd.js
302 silly gunzTarPerm extractEntry test/big-numbers.js
303 silly gunzTarPerm extractEntry test/clean.js
304 silly gunzTarPerm extractEntry test/gtr.js
305 silly gunzTarPerm extractEntry test/index.js
306 silly gunzTarPerm extractEntry test/ltr.js
307 silly gunzTarPerm extractEntry test/major-minor-patch.js
308 silly gunzTarPerm extractEntry test/no-module.js
309 silly gunzTarPerm extractEntry bin/semver
310 silly gunzTarPerm extractEntry semver.browser.js.gz
311 silly gunzTarPerm extractEntry foot.js.txt
312 silly gunzTarPerm extractEntry head.js.txt
313 silly gunzTarPerm extractEntry semver.min.js.gz
314 silly gunzTarPerm extractEntry .travis.yml
315 silly gunzTarPerm extractEntry binding.gyp
316 silly gunzTarPerm extractEntry .travis.yml
317 silly gunzTarPerm extractEntry CHANGELOG.md
318 silly gunzTarPerm extractEntry Makefile
319 silly gunzTarPerm extractEntry .jshintrc
320 silly gunzTarPerm extractEntry lib/client.js
321 silly gunzTarPerm extractEntry lib/connection.js
322 silly gunzTarPerm extractEntry lib/defaults.js
323 silly gunzTarPerm extractEntry lib/index.js
324 silly gunzTarPerm extractEntry lib/connection-parameters.js
325 silly gunzTarPerm extractEntry lib/pool-factory.js
326 silly gunzTarPerm extractEntry lib/query.js
327 silly gunzTarPerm extractEntry lib/result.js
328 silly gunzTarPerm extractEntry lib/type-overrides.js
329 silly gunzTarPerm extractEntry lib/utils.js
330 silly gunzTarPerm extractEntry lib/native/index.js
331 silly gunzTarPerm extractEntry lib/native/query.js
332 silly gunzTarPerm extractEntry lib/native/result.js
333 silly gunzTarPerm extractEntry LICENSE
334 silly gunzTarPerm extractEntry .jshintrc
335 silly gunzTarPerm extractEntry LICENSE
336 silly gunzTarPerm extractEntry Makefile
337 silly gunzTarPerm extractEntry .travis.yml
338 silly gunzTarPerm extractEntry .editorconfig
339 silly gunzTarPerm extractEntry HISTORY.md
340 silly gunzTarPerm extractEntry nohup.out
341 silly gunzTarPerm extractEntry package.json
342 silly gunzTarPerm extractEntry Readme.md
343 silly gunzTarPerm extractEntry docs/cli.md
344 silly gunzTarPerm extractEntry docs/api.md
345 silly gunzTarPerm extractEntry docs/debug.md
346 silly gunzTarPerm extractEntry docs/logger.md
347 silly gunzTarPerm extractEntry docs/pidfiles.md
348 silly gunzTarPerm extractEntry docs/reload.md
349 silly gunzTarPerm extractEntry docs/repl.md
350 silly gunzTarPerm extractEntry docs/stats.md
351 silly gunzTarPerm extractEntry lib/master.js
352 silly gunzTarPerm extractEntry lib/cluster.js
353 silly gunzTarPerm extractEntry lib/utils.js
354 silly gunzTarPerm extractEntry lib/worker.js
355 silly gunzTarPerm extractEntry lib/mixins/receiver.js
356 silly gunzTarPerm extractEntry lib/plugins/debug.js
357 silly gunzTarPerm extractEntry lib/plugins/cli.js
358 silly gunzTarPerm extractEntry lib/plugins/logger.js
359 silly gunzTarPerm extractEntry lib/plugins/pidfiles.js
360 silly gunzTarPerm extractEntry lib/plugins/reload.js
361 silly gunzTarPerm extractEntry lib/plugins/repl.js
362 silly gunzTarPerm extractEntry lib/plugins/stats.js
363 silly gunzTarPerm extractEntry examples/app-cluster.js
364 silly gunzTarPerm extractEntry examples/.gitignore
365 silly gunzTarPerm extractEntry examples/app.js
366 silly gunzTarPerm extractEntry examples/cli-app.js
367 silly gunzTarPerm extractEntry examples/basic.js
368 silly gunzTarPerm extractEntry examples/cli.js
369 silly gunzTarPerm extractEntry examples/connect.js
370 silly gunzTarPerm extractEntry examples/debug.js
371 silly gunzTarPerm extractEntry examples/envs.js
372 silly gunzTarPerm extractEntry examples/error.js
373 silly gunzTarPerm extractEntry examples/express.js
374 silly gunzTarPerm extractEntry examples/logger.js
375 silly gunzTarPerm extractEntry examples/pids.js
376 silly gunzTarPerm extractEntry examples/reload.js
377 silly gunzTarPerm extractEntry examples/repl-unix.js
378 silly gunzTarPerm extractEntry examples/repl.js
379 silly gunzTarPerm extractEntry examples/single.js
380 silly gunzTarPerm extractEntry examples/standalone.js
381 silly gunzTarPerm extractEntry examples/tcp.js
382 silly gunzTarPerm extractEntry examples/unix.js
383 silly gunzTarPerm extractEntry examples/vhost.js
384 silly gunzTarPerm extractEntry examples/logs/.gitignore
385 silly gunzTarPerm extractEntry examples/pids/.gitignore
386 silly gunzTarPerm extractEntry test/common.js
387 silly gunzTarPerm extractEntry test/run
388 silly gunzTarPerm extractEntry test/test.basic.js
389 silly gunzTarPerm extractEntry test/test.cli-status.js
390 silly gunzTarPerm extractEntry test/test.dns.js
391 silly gunzTarPerm extractEntry test/test.env.js
392 silly gunzTarPerm extractEntry test/test.ephemeral.js
393 silly gunzTarPerm extractEntry test/test.filename.js
394 silly gunzTarPerm extractEntry test/test.logger.custom-path.js
395 silly gunzTarPerm extractEntry test/test.logger.js
396 silly gunzTarPerm extractEntry test/test.pidfiles.js
397 silly gunzTarPerm extractEntry test/test.restart-env.js
398 silly gunzTarPerm extractEntry test/test.restart.js
399 silly gunzTarPerm extractEntry test/test.shutdown-all.js
400 silly gunzTarPerm extractEntry test/test.shutdown.js
401 silly gunzTarPerm extractEntry test/test.standalone-shutdown.js
402 silly gunzTarPerm extractEntry test/test.standalone.file.js
403 silly gunzTarPerm extractEntry test/test.standalone.js
404 silly gunzTarPerm extractEntry test/test.standalone.restart.js
405 silly gunzTarPerm extractEntry test/test.worker-kill.js
406 silly gunzTarPerm extractEntry test/test.worker-quit-keep-alive.js
407 silly gunzTarPerm extractEntry test/test.worker-quit.js
408 silly gunzTarPerm extractEntry test/test.worker-term.js
409 silly gunzTarPerm extractEntry test/test.working-dir.js
410 silly gunzTarPerm extractEntry test/pids/.gitignore
411 silly gunzTarPerm extractEntry test/support/exported.js
412 silly gunzTarPerm extractEntry test/support/all.js
413 silly gunzTarPerm extractEntry test/support/server.js
414 silly gunzTarPerm extractEntry test/support/standalone.js
415 silly gunzTarPerm extractEntry test/support/logs/.gitignore
416 silly gunzTarPerm extractEntry test/support/pids/.gitignore
417 silly gunzTarPerm extractEntry test/logs/.gitignore
418 silly gunzTarPerm extractEntry test/logs/nested/.gitignore
419 silly gunzTarPerm extractEntry test/logs/nested/master.log
420 silly gunzTarPerm extractEntry test/logs/nested/workers.access.log
421 silly gunzTarPerm extractEntry test/logs/nested/workers.error.log
422 silly gunzTarPerm extractEntry lib/kerberos.js
423 silly gunzTarPerm extractEntry lib/sspi.js
424 silly gunzTarPerm extractEntry TODO.md
425 silly gunzTarPerm extractEntry examples/clientServerConnect.js
426 silly gunzTarPerm extractEntry lib/client.js
427 silly gunzTarPerm extractEntry lib/frame.js
428 silly gunzTarPerm extractEntry lib/parser.js
429 silly gunzTarPerm extractEntry lib/server.js
430 silly gunzTarPerm extractEntry .jshintignore
431 silly gunzTarPerm extractEntry test/client.test.js
432 silly gunzTarPerm extractEntry test/connect.test.js
433 silly gunzTarPerm extractEntry test/frame.test.js
434 silly gunzTarPerm extractEntry test/parser.test.js
435 silly gunzTarPerm extractEntry lib/kerberos_context.h
436 silly gunzTarPerm extractEntry lib/kerberos.cc
437 silly gunzTarPerm extractEntry lib/kerberos.h
438 silly gunzTarPerm extractEntry lib/auth_processes/mongodb.js
439 silly gunzTarPerm extractEntry lib/kerberos_context.cc
440 silly gunzTarPerm extractEntry lib/base64.c
441 silly gunzTarPerm extractEntry lib/kerberosgss.c
442 silly gunzTarPerm extractEntry lib/kerberosgss.h
443 silly gunzTarPerm extractEntry lib/base64.h
444 silly gunzTarPerm extractEntry lib/win32/base64.c
445 silly gunzTarPerm extractEntry lib/win32/base64.h
446 silly gunzTarPerm extractEntry lib/win32/kerberos.cc
447 silly gunzTarPerm extractEntry lib/win32/kerberos.h
448 silly gunzTarPerm extractEntry lib/win32/kerberos_sspi.c
449 silly gunzTarPerm extractEntry lib/win32/kerberos_sspi.h
450 silly gunzTarPerm extractEntry lib/win32/worker.cc
451 silly gunzTarPerm extractEntry lib/win32/worker.h
452 silly gunzTarPerm extractEntry lib/win32/wrappers/security_credentials.js
453 silly gunzTarPerm extractEntry lib/win32/wrappers/security_buffer.js
454 silly gunzTarPerm extractEntry lib/win32/wrappers/security_buffer_descriptor.js
455 silly gunzTarPerm extractEntry lib/win32/wrappers/security_context.js
456 silly gunzTarPerm extractEntry lib/win32/wrappers/security_buffer_descriptor.h
457 silly gunzTarPerm extractEntry lib/win32/wrappers/security_buffer.cc
458 silly gunzTarPerm extractEntry lib/win32/wrappers/security_buffer.h
459 silly gunzTarPerm extractEntry lib/win32/wrappers/security_context.h
460 silly gunzTarPerm extractEntry lib/win32/wrappers/security_buffer_descriptor.cc
461 silly gunzTarPerm extractEntry lib/win32/wrappers/security_credentials.cc
462 silly gunzTarPerm extractEntry lib/win32/wrappers/security_credentials.h
463 silly gunzTarPerm extractEntry lib/win32/wrappers/security_context.cc
464 silly gunzTarPerm extractEntry lib/worker.cc
465 silly gunzTarPerm extractEntry lib/worker.h
466 silly gentlyRm /home/kevin/Documentos/AngularLeafletGIVARAIL/node_modules/.staging/stomp-client-cc2802b6/node_modules is being purged
467 verbose gentlyRm don't care about contents; nuking /home/kevin/Documentos/AngularLeafletGIVARAIL/node_modules/.staging/stomp-client-cc2802b6/node_modules
468 http 304 https://registry.npmjs.org/cheerio
469 verbose headers { date: 'Tue, 18 Oct 2016 09:10:06 GMT',
469 verbose headers   via: '1.1 varnish',
469 verbose headers   'cache-control': 'max-age=300',
469 verbose headers   etag: '"AK93ISAA2BSK08OTBSELYGO65"',
469 verbose headers   age: '89',
469 verbose headers   connection: 'keep-alive',
469 verbose headers   'x-served-by': 'cache-lcy1129-LCY',
469 verbose headers   'x-cache': 'HIT',
469 verbose headers   'x-cache-hits': '3',
469 verbose headers   'x-timer': 'S1476781806.453615,VS0,VE0',
469 verbose headers   vary: 'Accept-Encoding' }
470 silly get cb [ 304,
470 silly get   { date: 'Tue, 18 Oct 2016 09:10:06 GMT',
470 silly get     via: '1.1 varnish',
470 silly get     'cache-control': 'max-age=300',
470 silly get     etag: '"AK93ISAA2BSK08OTBSELYGO65"',
470 silly get     age: '89',
470 silly get     connection: 'keep-alive',
470 silly get     'x-served-by': 'cache-lcy1129-LCY',
470 silly get     'x-cache': 'HIT',
470 silly get     'x-cache-hits': '3',
470 silly get     'x-timer': 'S1476781806.453615,VS0,VE0',
470 silly get     vary: 'Accept-Encoding' } ]
471 verbose etag https://registry.npmjs.org/cheerio from cache
472 verbose get saving cheerio to /home/kevin/.npm/registry.npmjs.org/cheerio/.cache.json
473 silly mapToRegistry name cheerio
474 silly mapToRegistry using default registry
475 silly mapToRegistry registry https://registry.npmjs.org/
476 silly mapToRegistry uri https://registry.npmjs.org/cheerio
477 verbose addRemoteTarball https://registry.npmjs.org/cheerio/-/cheerio-0.19.0.tgz not in flight; adding
478 verbose addRemoteTarball [ 'https://registry.npmjs.org/cheerio/-/cheerio-0.19.0.tgz',
478 verbose addRemoteTarball   '772e7015f2ee29965096d71ea4175b75ab354925' ]
479 silly gentlyRm /home/kevin/Documentos/AngularLeafletGIVARAIL/node_modules/.staging/pg-08724e62/node_modules is being purged
480 verbose gentlyRm don't care about contents; nuking /home/kevin/Documentos/AngularLeafletGIVARAIL/node_modules/.staging/pg-08724e62/node_modules
481 info retry fetch attempt 1 at 11:10:06
482 info attempt registry request try #1 at 11:10:06
483 http fetch GET https://registry.npmjs.org/cheerio/-/cheerio-0.19.0.tgz
484 silly gentlyRm /home/kevin/Documentos/AngularLeafletGIVARAIL/node_modules/.staging/semver-388e4272/node_modules is being purged
485 verbose gentlyRm don't care about contents; nuking /home/kevin/Documentos/AngularLeafletGIVARAIL/node_modules/.staging/semver-388e4272/node_modules
486 silly gentlyRm /home/kevin/Documentos/AngularLeafletGIVARAIL/node_modules/.staging/kerberos-cdb0ef74/node_modules is being purged
487 verbose gentlyRm don't care about contents; nuking /home/kevin/Documentos/AngularLeafletGIVARAIL/node_modules/.staging/kerberos-cdb0ef74/node_modules
488 silly gentlyRm /home/kevin/Documentos/AngularLeafletGIVARAIL/node_modules/.staging/cluster-e4e315d7/node_modules is being purged
489 verbose gentlyRm don't care about contents; nuking /home/kevin/Documentos/AngularLeafletGIVARAIL/node_modules/.staging/cluster-e4e315d7/node_modules
490 http fetch 200 https://registry.npmjs.org/cheerio/-/cheerio-0.19.0.tgz
491 silly fetchAndShaCheck shasum 772e7015f2ee29965096d71ea4175b75ab354925
492 verbose addTmpTarball /tmp/npm-12583-307a658f/registry.npmjs.org/cheerio/-/cheerio-0.19.0.tgz not in flight; adding
493 verbose addTmpTarball already have metadata; skipping unpack for cheerio@0.19.0
494 verbose unbuild node_modules/.staging/cheerio-7881a281
495 silly gentlyRm /home/kevin/Documentos/AngularLeafletGIVARAIL/node_modules/.staging/cheerio-7881a281 is being purged from base /home/kevin/Documentos/AngularLeafletGIVARAIL
496 verbose gentlyRm don't care about contents; nuking /home/kevin/Documentos/AngularLeafletGIVARAIL/node_modules/.staging/cheerio-7881a281
497 verbose tar unpack /home/kevin/.npm/cheerio/0.19.0/package.tgz
498 verbose tar unpacking to /home/kevin/Documentos/AngularLeafletGIVARAIL/node_modules/.staging/cheerio-7881a281
499 silly gentlyRm /home/kevin/Documentos/AngularLeafletGIVARAIL/node_modules/.staging/cheerio-7881a281 is being purged
500 verbose gentlyRm don't care about contents; nuking /home/kevin/Documentos/AngularLeafletGIVARAIL/node_modules/.staging/cheerio-7881a281
501 silly gunzTarPerm modes [ '755', '644' ]
502 silly gunzTarPerm extractEntry package.json
503 silly gunzTarPerm extractEntry .npmignore
504 silly gunzTarPerm extractEntry index.js
505 silly gunzTarPerm extractEntry Readme.md
506 silly gunzTarPerm extractEntry CONTRIBUTING.md
507 silly gunzTarPerm extractEntry History.md
508 silly gunzTarPerm modified mode [ 'History.md', 384, 420 ]
509 silly gunzTarPerm extractEntry Makefile
510 silly gunzTarPerm extractEntry .jshintrc
511 silly gunzTarPerm extractEntry lib/cheerio.js
512 silly gunzTarPerm extractEntry lib/parse.js
513 silly gunzTarPerm extractEntry lib/static.js
514 http 304 https://registry.npmjs.org/formidable
515 verbose headers { date: 'Tue, 18 Oct 2016 09:10:06 GMT',
515 verbose headers   via: '1.1 varnish',
515 verbose headers   'cache-control': 'max-age=300',
515 verbose headers   etag: '"9RQXY3USFO41UNVXUWL90IZ0L"',
515 verbose headers   age: '243',
515 verbose headers   connection: 'keep-alive',
515 verbose headers   'x-served-by': 'cache-lcy1131-LCY',
515 verbose headers   'x-cache': 'HIT',
515 verbose headers   'x-cache-hits': '7',
515 verbose headers   'x-timer': 'S1476781806.688337,VS0,VE0',
515 verbose headers   vary: 'Accept-Encoding' }
516 silly get cb [ 304,
516 silly get   { date: 'Tue, 18 Oct 2016 09:10:06 GMT',
516 silly get     via: '1.1 varnish',
516 silly get     'cache-control': 'max-age=300',
516 silly get     etag: '"9RQXY3USFO41UNVXUWL90IZ0L"',
516 silly get     age: '243',
516 silly get     connection: 'keep-alive',
516 silly get     'x-served-by': 'cache-lcy1131-LCY',
516 silly get     'x-cache': 'HIT',
516 silly get     'x-cache-hits': '7',
516 silly get     'x-timer': 'S1476781806.688337,VS0,VE0',
516 silly get     vary: 'Accept-Encoding' } ]
517 verbose etag https://registry.npmjs.org/formidable from cache
518 verbose get saving formidable to /home/kevin/.npm/registry.npmjs.org/formidable/.cache.json
519 silly gunzTarPerm extractEntry lib/utils.js
520 silly gunzTarPerm extractEntry lib/api/attributes.js
521 silly mapToRegistry name formidable
522 silly mapToRegistry using default registry
523 silly mapToRegistry registry https://registry.npmjs.org/
524 silly mapToRegistry uri https://registry.npmjs.org/formidable
525 verbose addRemoteTarball https://registry.npmjs.org/formidable/-/formidable-1.0.17.tgz not in flight; adding
526 verbose addRemoteTarball [ 'https://registry.npmjs.org/formidable/-/formidable-1.0.17.tgz',
526 verbose addRemoteTarball   'ef5491490f9433b705faa77249c99029ae348559' ]
527 silly gunzTarPerm extractEntry lib/api/css.js
528 silly gunzTarPerm extractEntry lib/api/forms.js
529 silly gunzTarPerm extractEntry lib/api/manipulation.js
530 info retry fetch attempt 1 at 11:10:06
531 info attempt registry request try #1 at 11:10:06
532 http fetch GET https://registry.npmjs.org/formidable/-/formidable-1.0.17.tgz
533 silly gunzTarPerm extractEntry lib/api/traversing.js
534 silly gunzTarPerm extractEntry scripts/prepublish
535 silly gunzTarPerm extractEntry .travis.yml
536 silly gunzTarPerm extractEntry test/cheerio.js
537 silly gunzTarPerm extractEntry test/fixtures.js
538 silly gunzTarPerm extractEntry test/parse.js
539 silly gunzTarPerm extractEntry test/xml.js
540 silly gunzTarPerm extractEntry test/.jshintrc
541 silly gunzTarPerm extractEntry test/api/attributes.js
542 silly gunzTarPerm extractEntry test/api/css.js
543 silly gunzTarPerm extractEntry test/api/forms.js
544 silly gunzTarPerm extractEntry test/api/manipulation.js
545 silly gunzTarPerm extractEntry test/api/traversing.js
546 silly gunzTarPerm extractEntry test/api/utils.js
547 silly gunzTarPerm extractEntry test/mocha.opts
548 silly gentlyRm /home/kevin/Documentos/AngularLeafletGIVARAIL/node_modules/.staging/cheerio-7881a281/node_modules is being purged
549 verbose gentlyRm don't care about contents; nuking /home/kevin/Documentos/AngularLeafletGIVARAIL/node_modules/.staging/cheerio-7881a281/node_modules
550 http 304 https://registry.npmjs.org/nodemailer
551 verbose headers { date: 'Tue, 18 Oct 2016 09:10:06 GMT',
551 verbose headers   via: '1.1 varnish',
551 verbose headers   'cache-control': 'max-age=300',
551 verbose headers   etag: '"5L0OZX5GHH902EPXNRVXCG1R1"',
551 verbose headers   age: '0',
551 verbose headers   connection: 'keep-alive',
551 verbose headers   'x-served-by': 'cache-lcy1123-LCY',
551 verbose headers   'x-cache': 'HIT',
551 verbose headers   'x-cache-hits': '1',
551 verbose headers   'x-timer': 'S1476781806.679874,VS0,VE96',
551 verbose headers   vary: 'Accept-Encoding' }
552 silly get cb [ 304,
552 silly get   { date: 'Tue, 18 Oct 2016 09:10:06 GMT',
552 silly get     via: '1.1 varnish',
552 silly get     'cache-control': 'max-age=300',
552 silly get     etag: '"5L0OZX5GHH902EPXNRVXCG1R1"',
552 silly get     age: '0',
552 silly get     connection: 'keep-alive',
552 silly get     'x-served-by': 'cache-lcy1123-LCY',
552 silly get     'x-cache': 'HIT',
552 silly get     'x-cache-hits': '1',
552 silly get     'x-timer': 'S1476781806.679874,VS0,VE96',
552 silly get     vary: 'Accept-Encoding' } ]
553 verbose etag https://registry.npmjs.org/nodemailer from cache
554 verbose get saving nodemailer to /home/kevin/.npm/registry.npmjs.org/nodemailer/.cache.json
555 silly mapToRegistry name nodemailer
556 silly mapToRegistry using default registry
557 silly mapToRegistry registry https://registry.npmjs.org/
558 silly mapToRegistry uri https://registry.npmjs.org/nodemailer
559 verbose addRemoteTarball https://registry.npmjs.org/nodemailer/-/nodemailer-1.10.0.tgz not in flight; adding
560 verbose addRemoteTarball [ 'https://registry.npmjs.org/nodemailer/-/nodemailer-1.10.0.tgz',
560 verbose addRemoteTarball   '57e6f02ce2cd54910c23d4c4001e2c474021b541' ]
561 info retry fetch attempt 1 at 11:10:06
562 info attempt registry request try #1 at 11:10:06
563 http fetch GET https://registry.npmjs.org/nodemailer/-/nodemailer-1.10.0.tgz
564 http fetch 200 https://registry.npmjs.org/formidable/-/formidable-1.0.17.tgz
565 silly fetchAndShaCheck shasum ef5491490f9433b705faa77249c99029ae348559
566 verbose addTmpTarball /tmp/npm-12583-307a658f/registry.npmjs.org/formidable/-/formidable-1.0.17.tgz not in flight; adding
567 verbose addTmpTarball already have metadata; skipping unpack for formidable@1.0.17
568 verbose unbuild node_modules/.staging/formidable-a8eee138
569 silly gentlyRm /home/kevin/Documentos/AngularLeafletGIVARAIL/node_modules/.staging/formidable-a8eee138 is being purged from base /home/kevin/Documentos/AngularLeafletGIVARAIL
570 verbose gentlyRm don't care about contents; nuking /home/kevin/Documentos/AngularLeafletGIVARAIL/node_modules/.staging/formidable-a8eee138
571 verbose tar unpack /home/kevin/.npm/formidable/1.0.17/package.tgz
572 verbose tar unpacking to /home/kevin/Documentos/AngularLeafletGIVARAIL/node_modules/.staging/formidable-a8eee138
573 silly gentlyRm /home/kevin/Documentos/AngularLeafletGIVARAIL/node_modules/.staging/formidable-a8eee138 is being purged
574 verbose gentlyRm don't care about contents; nuking /home/kevin/Documentos/AngularLeafletGIVARAIL/node_modules/.staging/formidable-a8eee138
575 silly gunzTarPerm modes [ '755', '644' ]
576 silly gunzTarPerm extractEntry package.json
577 silly gunzTarPerm extractEntry .npmignore
578 silly gunzTarPerm extractEntry LICENSE
579 silly gunzTarPerm extractEntry index.js
580 silly gunzTarPerm extractEntry .travis.yml
581 silly gunzTarPerm extractEntry Readme.md
582 silly gunzTarPerm extractEntry lib/file.js
583 silly gunzTarPerm extractEntry lib/incoming_form.js
584 silly gunzTarPerm extractEntry lib/index.js
585 silly gunzTarPerm extractEntry lib/json_parser.js
586 silly gunzTarPerm extractEntry lib/multipart_parser.js
587 silly gunzTarPerm extractEntry lib/octet_parser.js
588 silly gunzTarPerm extractEntry lib/querystring_parser.js
589 silly gentlyRm /home/kevin/Documentos/AngularLeafletGIVARAIL/node_modules/.staging/formidable-a8eee138/node_modules is being purged
590 verbose gentlyRm don't care about contents; nuking /home/kevin/Documentos/AngularLeafletGIVARAIL/node_modules/.staging/formidable-a8eee138/node_modules
591 http fetch 200 https://registry.npmjs.org/nodemailer/-/nodemailer-1.10.0.tgz
592 silly fetchAndShaCheck shasum 57e6f02ce2cd54910c23d4c4001e2c474021b541
593 verbose addTmpTarball /tmp/npm-12583-307a658f/registry.npmjs.org/nodemailer/-/nodemailer-1.10.0.tgz not in flight; adding
594 verbose addTmpTarball already have metadata; skipping unpack for nodemailer@1.10.0
595 verbose unbuild node_modules/.staging/nodemailer-95818c5e
596 silly gentlyRm /home/kevin/Documentos/AngularLeafletGIVARAIL/node_modules/.staging/nodemailer-95818c5e is being purged from base /home/kevin/Documentos/AngularLeafletGIVARAIL
597 verbose gentlyRm don't care about contents; nuking /home/kevin/Documentos/AngularLeafletGIVARAIL/node_modules/.staging/nodemailer-95818c5e
598 verbose tar unpack /home/kevin/.npm/nodemailer/1.10.0/package.tgz
599 verbose tar unpacking to /home/kevin/Documentos/AngularLeafletGIVARAIL/node_modules/.staging/nodemailer-95818c5e
600 silly gentlyRm /home/kevin/Documentos/AngularLeafletGIVARAIL/node_modules/.staging/nodemailer-95818c5e is being purged
601 verbose gentlyRm don't care about contents; nuking /home/kevin/Documentos/AngularLeafletGIVARAIL/node_modules/.staging/nodemailer-95818c5e
602 silly gunzTarPerm modes [ '755', '644' ]
603 silly gunzTarPerm extractEntry package.json
604 silly gunzTarPerm extractEntry .npmignore
605 silly gunzTarPerm extractEntry README.md
606 silly gunzTarPerm extractEntry LICENSE
607 silly gunzTarPerm extractEntry CHANGELOG.md
608 silly gunzTarPerm extractEntry src/nodemailer.js
609 silly gentlyRm /home/kevin/Documentos/AngularLeafletGIVARAIL/node_modules/.staging/nodemailer-95818c5e/node_modules is being purged
610 verbose gentlyRm don't care about contents; nuking /home/kevin/Documentos/AngularLeafletGIVARAIL/node_modules/.staging/nodemailer-95818c5e/node_modules
611 http 304 https://registry.npmjs.org/ng-file-upload
612 verbose headers { date: 'Tue, 18 Oct 2016 09:10:06 GMT',
612 verbose headers   via: '1.1 varnish',
612 verbose headers   'cache-control': 'max-age=300',
612 verbose headers   etag: '"6DCPUXLS8FEZRBAZA6B2J0RBY"',
612 verbose headers   age: '0',
612 verbose headers   connection: 'keep-alive',
612 verbose headers   'x-served-by': 'cache-lcy1130-LCY',
612 verbose headers   'x-cache': 'MISS',
612 verbose headers   'x-cache-hits': '0',
612 verbose headers   'x-timer': 'S1476781806.685385,VS0,VE573',
612 verbose headers   vary: 'Accept-Encoding' }
613 silly get cb [ 304,
613 silly get   { date: 'Tue, 18 Oct 2016 09:10:06 GMT',
613 silly get     via: '1.1 varnish',
613 silly get     'cache-control': 'max-age=300',
613 silly get     etag: '"6DCPUXLS8FEZRBAZA6B2J0RBY"',
613 silly get     age: '0',
613 silly get     connection: 'keep-alive',
613 silly get     'x-served-by': 'cache-lcy1130-LCY',
613 silly get     'x-cache': 'MISS',
613 silly get     'x-cache-hits': '0',
613 silly get     'x-timer': 'S1476781806.685385,VS0,VE573',
613 silly get     vary: 'Accept-Encoding' } ]
614 verbose etag https://registry.npmjs.org/ng-file-upload from cache
615 verbose get saving ng-file-upload to /home/kevin/.npm/registry.npmjs.org/ng-file-upload/.cache.json
616 silly mapToRegistry name ng-file-upload
617 silly mapToRegistry using default registry
618 silly mapToRegistry registry https://registry.npmjs.org/
619 silly mapToRegistry uri https://registry.npmjs.org/ng-file-upload
620 verbose addRemoteTarball https://registry.npmjs.org/ng-file-upload/-/ng-file-upload-11.1.1.tgz not in flight; adding
621 verbose addRemoteTarball [ 'https://registry.npmjs.org/ng-file-upload/-/ng-file-upload-11.1.1.tgz',
621 verbose addRemoteTarball   '135326b387aea2d2eb6d865f1b40e57a5cc54770' ]
622 info retry fetch attempt 1 at 11:10:07
623 info attempt registry request try #1 at 11:10:07
624 http fetch GET https://registry.npmjs.org/ng-file-upload/-/ng-file-upload-11.1.1.tgz
625 http fetch 200 https://registry.npmjs.org/ng-file-upload/-/ng-file-upload-11.1.1.tgz
626 silly fetchAndShaCheck shasum 135326b387aea2d2eb6d865f1b40e57a5cc54770
627 verbose addTmpTarball /tmp/npm-12583-307a658f/registry.npmjs.org/ng-file-upload/-/ng-file-upload-11.1.1.tgz not in flight; adding
628 verbose addTmpTarball already have metadata; skipping unpack for ng-file-upload@11.1.1
629 verbose unbuild node_modules/.staging/ng-file-upload-a9cae425
630 silly gentlyRm /home/kevin/Documentos/AngularLeafletGIVARAIL/node_modules/.staging/ng-file-upload-a9cae425 is being purged from base /home/kevin/Documentos/AngularLeafletGIVARAIL
631 verbose gentlyRm don't care about contents; nuking /home/kevin/Documentos/AngularLeafletGIVARAIL/node_modules/.staging/ng-file-upload-a9cae425
632 verbose tar unpack /home/kevin/.npm/ng-file-upload/11.1.1/package.tgz
633 verbose tar unpacking to /home/kevin/Documentos/AngularLeafletGIVARAIL/node_modules/.staging/ng-file-upload-a9cae425
634 silly gentlyRm /home/kevin/Documentos/AngularLeafletGIVARAIL/node_modules/.staging/ng-file-upload-a9cae425 is being purged
635 verbose gentlyRm don't care about contents; nuking /home/kevin/Documentos/AngularLeafletGIVARAIL/node_modules/.staging/ng-file-upload-a9cae425
636 silly gunzTarPerm modes [ '755', '644' ]
637 silly gunzTarPerm extractEntry package.json
638 silly gunzTarPerm extractEntry .npmignore
639 silly gunzTarPerm extractEntry README.md
640 silly gunzTarPerm extractEntry LICENSE
641 silly gunzTarPerm extractEntry Gruntfile.js
642 silly gunzTarPerm extractEntry index.js
643 silly gunzTarPerm extractEntry demo/.idea/encodings.xml
644 silly gunzTarPerm extractEntry demo/.idea/.name
645 silly gunzTarPerm extractEntry demo/.idea/codeStyleSettings.xml
646 silly gunzTarPerm extractEntry demo/.idea/compiler.xml
647 silly gunzTarPerm extractEntry demo/.idea/copyright/profiles_settings.xml
648 silly gunzTarPerm extractEntry demo/.idea/artifacts/ng_file_upload_demo_server_war.xml
649 silly gunzTarPerm extractEntry demo/.idea/artifacts/ng_file_upload_demo_server_war_exploded.xml
650 silly gunzTarPerm extractEntry demo/.idea/libraries/Maven__com_google_appengine_appengine_api_1_0_sdk_1_9_18.xml
651 silly gunzTarPerm extractEntry demo/.idea/libraries/Maven__com_google_appengine_appengine_endpoints_1_9_18.xml
652 silly gunzTarPerm extractEntry demo/.idea/libraries/Maven__commons_fileupload_commons_fileupload_1_2.xml
653 silly gunzTarPerm extractEntry demo/.idea/libraries/Maven__javax_inject_javax_inject_1.xml
654 silly gunzTarPerm extractEntry demo/.idea/libraries/Maven__javax_servlet_servlet_api_2_5.xml
655 silly gunzTarPerm extractEntry demo/.idea/misc.xml
656 silly gunzTarPerm extractEntry demo/.idea/modules.xml
657 silly gunzTarPerm extractEntry demo/.idea/vcs.xml
658 silly gunzTarPerm extractEntry demo/.idea/workspace.xml
659 silly gunzTarPerm extractEntry demo/C#/UploadController.js
660 silly gunzTarPerm extractEntry demo/C#/UploadHandler.ashx
661 silly gunzTarPerm extractEntry demo/C#/UploadHandler.ashx.cs
662 silly gunzTarPerm extractEntry demo/pom.xml
663 silly gunzTarPerm extractEntry demo/src/main/java/com/df/angularfileupload/CORSFilter.java
664 silly gunzTarPerm extractEntry demo/src/main/java/com/df/angularfileupload/FileUpload.java
665 silly gunzTarPerm extractEntry demo/src/main/java/com/df/angularfileupload/S3Signature.java
666 silly gunzTarPerm extractEntry demo/src/main/resources/META-INF/jdoconfig.xml
667 silly gunzTarPerm extractEntry demo/src/main/resources/META-INF/persistence.xml
668 silly gunzTarPerm extractEntry demo/src/main/resources/log4j.properties
669 silly gunzTarPerm extractEntry demo/src/main/webapp/WEB-INF/appengine-web.xml
670 silly gunzTarPerm extractEntry demo/src/main/webapp/WEB-INF/logging.properties
671 silly gunzTarPerm extractEntry demo/src/main/webapp/WEB-INF/web.xml
672 silly gunzTarPerm extractEntry demo/src/main/webapp/common.css
673 silly gunzTarPerm extractEntry demo/src/main/webapp/crossdomain.xml
674 silly gunzTarPerm extractEntry demo/src/main/webapp/donate.html
675 silly gunzTarPerm extractEntry demo/src/main/webapp/favicon.ico
676 silly gunzTarPerm extractEntry demo/src/main/webapp/img/tea.jpg
677 silly gunzTarPerm extractEntry demo/src/main/webapp/img/tea.png
678 silly gunzTarPerm extractEntry demo/src/main/webapp/index.html
679 silly gunzTarPerm extractEntry demo/src/main/webapp/js/upload.js
680 silly gunzTarPerm extractEntry demo/src/main/webapp/js/FileAPI.min.js
681 silly gunzTarPerm extractEntry demo/src/main/webapp/js/ng-file-upload-all.js
682 silly gunzTarPerm extractEntry demo/src/main/webapp/js/ng-file-upload-all.min.js
683 silly gunzTarPerm extractEntry demo/src/main/webapp/js/ng-file-upload-shim.js
684 silly gunzTarPerm extractEntry demo/src/main/webapp/js/FileAPI.js
685 silly gunzTarPerm extractEntry demo/src/main/webapp/js/ng-file-upload.js
686 silly gunzTarPerm extractEntry demo/src/main/webapp/js/ng-file-upload.min.js
687 silly gunzTarPerm extractEntry demo/src/main/webapp/js/ng-img-crop.js
688 silly gunzTarPerm extractEntry demo/src/main/webapp/js/ng-file-upload-shim.min.js
689 silly gunzTarPerm extractEntry demo/src/main/webapp/js/ng-img-crop.css
690 silly gunzTarPerm extractEntry demo/src/main/webapp/js/FileAPI.flash.swf
691 silly gunzTarPerm extractEntry demo/target/maven-archiver/pom.properties
692 silly gunzTarPerm extractEntry demo/target/maven-status/maven-compiler-plugin/compile/default-compile/createdFiles.lst
693 silly gunzTarPerm extractEntry demo/target/maven-status/maven-compiler-plugin/compile/default-compile/inputFiles.lst
694 silly gunzTarPerm extractEntry demo/target/ng-file-upload-demo-server-0.0.1/META-INF/MANIFEST.MF
695 silly gunzTarPerm extractEntry demo/target/ng-file-upload-demo-server-0.0.1/WEB-INF/appengine-web.xml
696 silly gunzTarPerm extractEntry demo/target/ng-file-upload-demo-server-0.0.1/WEB-INF/classes/META-INF/jdoconfig.xml
697 silly gunzTarPerm extractEntry demo/target/ng-file-upload-demo-server-0.0.1/WEB-INF/classes/META-INF/persistence.xml
698 silly gunzTarPerm extractEntry demo/target/ng-file-upload-demo-server-0.0.1/WEB-INF/classes/com/df/angularfileupload/CORSFilter.class
699 silly gunzTarPerm extractEntry demo/target/ng-file-upload-demo-server-0.0.1/WEB-INF/classes/com/df/angularfileupload/FileUpload$SizeEntry.class
700 silly gunzTarPerm extractEntry demo/target/ng-file-upload-demo-server-0.0.1/WEB-INF/classes/com/df/angularfileupload/FileUpload.class
701 silly gunzTarPerm extractEntry demo/target/ng-file-upload-demo-server-0.0.1/WEB-INF/classes/com/df/angularfileupload/S3Signature.class
702 silly gunzTarPerm extractEntry demo/target/ng-file-upload-demo-server-0.0.1/WEB-INF/classes/log4j.properties
703 silly gunzTarPerm extractEntry demo/target/ng-file-upload-demo-server-0.0.1/WEB-INF/logging.properties
704 silly gunzTarPerm extractEntry demo/target/ng-file-upload-demo-server-0.0.1/WEB-INF/web.xml
705 silly gunzTarPerm extractEntry demo/target/ng-file-upload-demo-server-0.0.1/common.css
706 silly gunzTarPerm extractEntry demo/target/ng-file-upload-demo-server-0.0.1/crossdomain.xml
707 silly gunzTarPerm extractEntry demo/target/ng-file-upload-demo-server-0.0.1/donate.html
708 silly gunzTarPerm extractEntry demo/target/ng-file-upload-demo-server-0.0.1/favicon.ico
709 silly gunzTarPerm extractEntry demo/target/ng-file-upload-demo-server-0.0.1/img/tea.jpg
710 silly gunzTarPerm extractEntry demo/target/ng-file-upload-demo-server-0.0.1/img/tea.png
711 silly gunzTarPerm extractEntry demo/target/ng-file-upload-demo-server-0.0.1/index.html
712 silly gunzTarPerm extractEntry demo/target/ng-file-upload-demo-server-0.0.1/js/upload.js
713 silly gunzTarPerm extractEntry demo/target/ng-file-upload-demo-server-0.0.1/js/FileAPI.min.js
714 silly gunzTarPerm extractEntry demo/target/ng-file-upload-demo-server-0.0.1/js/ng-file-upload-all.js
715 silly gunzTarPerm extractEntry demo/target/ng-file-upload-demo-server-0.0.1/js/ng-file-upload-all.min.js
716 silly gunzTarPerm extractEntry demo/target/ng-file-upload-demo-server-0.0.1/js/ng-file-upload-shim.js
717 silly gunzTarPerm extractEntry demo/target/ng-file-upload-demo-server-0.0.1/js/FileAPI.js
718 silly gunzTarPerm extractEntry demo/target/ng-file-upload-demo-server-0.0.1/js/ng-file-upload.js
719 silly gunzTarPerm extractEntry demo/target/ng-file-upload-demo-server-0.0.1/js/ng-file-upload.min.js
720 silly gunzTarPerm extractEntry demo/target/ng-file-upload-demo-server-0.0.1/js/ng-img-crop.js
721 silly gunzTarPerm extractEntry demo/target/ng-file-upload-demo-server-0.0.1/js/ng-file-upload-shim.min.js
722 silly gunzTarPerm extractEntry demo/target/ng-file-upload-demo-server-0.0.1/js/ng-img-crop.css
723 silly gunzTarPerm extractEntry demo/target/ng-file-upload-demo-server-0.0.1/js/FileAPI.flash.swf
724 silly gunzTarPerm extractEntry .jshintrc
725 silly gunzTarPerm extractEntry dist/FileAPI.js
726 silly gunzTarPerm extractEntry dist/FileAPI.min.js
727 silly gunzTarPerm extractEntry dist/ng-file-upload-all.js
728 silly gunzTarPerm extractEntry dist/ng-file-upload-all.min.js
729 silly gunzTarPerm extractEntry dist/ng-file-upload-shim.js
730 silly gunzTarPerm extractEntry dist/ng-file-upload-shim.min.js
731 silly gunzTarPerm extractEntry dist/ng-file-upload.js
732 silly gunzTarPerm extractEntry dist/ng-file-upload.min.js
733 silly gunzTarPerm extractEntry dist/FileAPI.flash.swf
734 silly gunzTarPerm extractEntry src/validate.js
735 silly gunzTarPerm extractEntry src/drop.js
736 silly gunzTarPerm extractEntry src/exif.js
737 silly gunzTarPerm extractEntry src/model.js
738 silly gunzTarPerm extractEntry src/data-url.js
739 silly gunzTarPerm extractEntry src/select.js
740 silly gunzTarPerm extractEntry src/shim-elem.js
741 silly gunzTarPerm extractEntry src/shim-filereader.js
742 silly gunzTarPerm extractEntry src/shim-upload.js
743 silly gunzTarPerm extractEntry src/upload.js
744 silly gunzTarPerm extractEntry src/FileAPI.js
745 silly gunzTarPerm extractEntry src/resize.js
746 silly gunzTarPerm extractEntry src/FileAPI.flash.swf
747 silly gunzTarPerm modified mode [ 'src/FileAPI.flash.swf', 416, 420 ]
748 silly gunzTarPerm extractEntry nuget/NuGet.exe
749 silly gunzTarPerm modified mode [ 'nuget/NuGet.exe', 416, 420 ]
750 silly gunzTarPerm extractEntry nuget/Package.nuspec
751 silly gunzTarPerm extractEntry nuget/build.bat
752 silly gunzTarPerm extractEntry nuget/nuget.sh
753 silly gunzTarPerm extractEntry release.sh
754 silly gunzTarPerm extractEntry test/.bowerrc
755 silly gunzTarPerm extractEntry test/bower.json
756 silly gunzTarPerm extractEntry test/index.html
757 silly gunzTarPerm extractEntry test/spec/test.js
758 silly gentlyRm /home/kevin/Documentos/AngularLeafletGIVARAIL/node_modules/.staging/ng-file-upload-a9cae425/node_modules is being purged
759 verbose gentlyRm don't care about contents; nuking /home/kevin/Documentos/AngularLeafletGIVARAIL/node_modules/.staging/ng-file-upload-a9cae425/node_modules
760 silly doParallel preinstall 9
761 silly preinstall semver@4.3.2 /home/kevin/Documentos/AngularLeafletGIVARAIL/node_modules/.staging/semver-388e4272
762 info lifecycle semver@4.3.2~preinstall: semver@4.3.2
763 silly preinstall cheerio@0.19.0 /home/kevin/Documentos/AngularLeafletGIVARAIL/node_modules/.staging/cheerio-7881a281
764 info lifecycle cheerio@0.19.0~preinstall: cheerio@0.19.0
765 silly preinstall cluster@0.7.7 /home/kevin/Documentos/AngularLeafletGIVARAIL/node_modules/.staging/cluster-e4e315d7
766 info lifecycle cluster@0.7.7~preinstall: cluster@0.7.7
767 silly preinstall formidable@1.0.17 /home/kevin/Documentos/AngularLeafletGIVARAIL/node_modules/.staging/formidable-a8eee138
768 info lifecycle formidable@1.0.17~preinstall: formidable@1.0.17
769 silly preinstall kerberos@0.0.21 /home/kevin/Documentos/AngularLeafletGIVARAIL/node_modules/.staging/kerberos-cdb0ef74
770 info lifecycle kerberos@0.0.21~preinstall: kerberos@0.0.21
771 silly preinstall ng-file-upload@11.1.1 /home/kevin/Documentos/AngularLeafletGIVARAIL/node_modules/.staging/ng-file-upload-a9cae425
772 info lifecycle ng-file-upload@11.1.1~preinstall: ng-file-upload@11.1.1
773 silly preinstall nodemailer@1.10.0 /home/kevin/Documentos/AngularLeafletGIVARAIL/node_modules/.staging/nodemailer-95818c5e
774 info lifecycle nodemailer@1.10.0~preinstall: nodemailer@1.10.0
775 silly preinstall pg@6.1.0 /home/kevin/Documentos/AngularLeafletGIVARAIL/node_modules/.staging/pg-08724e62
776 info lifecycle pg@6.1.0~preinstall: pg@6.1.0
777 silly preinstall stomp-client@0.8.1 /home/kevin/Documentos/AngularLeafletGIVARAIL/node_modules/.staging/stomp-client-cc2802b6
778 info lifecycle stomp-client@0.8.1~preinstall: stomp-client@0.8.1
779 silly lifecycle semver@4.3.2~preinstall: no script for preinstall, continuing
780 silly lifecycle cheerio@0.19.0~preinstall: no script for preinstall, continuing
781 silly lifecycle cluster@0.7.7~preinstall: no script for preinstall, continuing
782 silly lifecycle formidable@1.0.17~preinstall: no script for preinstall, continuing
783 silly lifecycle kerberos@0.0.21~preinstall: no script for preinstall, continuing
784 silly lifecycle ng-file-upload@11.1.1~preinstall: no script for preinstall, continuing
785 silly lifecycle nodemailer@1.10.0~preinstall: no script for preinstall, continuing
786 silly lifecycle pg@6.1.0~preinstall: no script for preinstall, continuing
787 silly lifecycle stomp-client@0.8.1~preinstall: no script for preinstall, continuing
788 silly doReverseSerial remove 0
789 silly doSerial move 0
790 silly doSerial finalize 9
791 silly finalize /home/kevin/Documentos/AngularLeafletGIVARAIL/node_modules/pg/node_modules/semver
792 silly finalize /home/kevin/Documentos/AngularLeafletGIVARAIL/node_modules/cheerio
793 silly finalize /home/kevin/Documentos/AngularLeafletGIVARAIL/node_modules/cluster
794 silly finalize /home/kevin/Documentos/AngularLeafletGIVARAIL/node_modules/formidable
795 silly finalize /home/kevin/Documentos/AngularLeafletGIVARAIL/node_modules/kerberos
796 silly finalize /home/kevin/Documentos/AngularLeafletGIVARAIL/node_modules/ng-file-upload
797 silly finalize /home/kevin/Documentos/AngularLeafletGIVARAIL/node_modules/nodemailer
798 silly finalize /home/kevin/Documentos/AngularLeafletGIVARAIL/node_modules/pg
799 verbose unlock done using /home/kevin/.npm/_locks/staging-19c54a2d19976e36.lock for /home/kevin/Documentos/AngularLeafletGIVARAIL/node_modules/.staging
800 silly rollbackFailedOptional Starting
801 silly rollbackFailedOptional Finishing
802 silly runTopLevelLifecycles Starting
803 silly runTopLevelLifecycles Finishing
804 silly install printInstalled
805 warn proyecto@0.0.1 No repository field.
806 warn proyecto@0.0.1 No license field.
807 verbose stack Error: ENOTEMPTY: directory not empty, rename '/home/kevin/Documentos/AngularLeafletGIVARAIL/node_modules/pg' -> '/home/kevin/Documentos/AngularLeafletGIVARAIL/node_modules/.pg.DELETE'
807 verbose stack     at moveAway (/usr/share/npm/lib/install/action/finalize.js:38:5)
807 verbose stack     at destStatted (/usr/share/npm/lib/install/action/finalize.js:27:7)
807 verbose stack     at FSReqWrap.oncomplete (fs.js:82:15)
807 verbose stack
807 verbose stack Error: ENOTEMPTY: directory not empty, rename '/home/kevin/Documentos/AngularLeafletGIVARAIL/node_modules/pg' -> '/home/kevin/Documentos/AngularLeafletGIVARAIL/node_modules/.pg.DELETE'
807 verbose stack     at Error (native)
808 verbose cwd /home/kevin/Documentos/AngularLeafletGIVARAIL
809 error Linux 4.4.0-42-generic
810 error argv "/usr/bin/nodejs" "/usr/bin/npm" "install" "pg"
811 error node v4.2.6
812 error npm  v3.5.2
813 error path /home/kevin/Documentos/AngularLeafletGIVARAIL/node_modules/pg
814 error code ENOTEMPTY
815 error errno -39
816 error syscall rename
817 error ENOTEMPTY: directory not empty, rename '/home/kevin/Documentos/AngularLeafletGIVARAIL/node_modules/pg' -> '/home/kevin/Documentos/AngularLeafletGIVARAIL/node_modules/.pg.DELETE'
818 error If you need help, you may report this error at:
818 error     <https://github.com/npm/npm/issues>
819 verbose exit [ -39, true ]
